<?xml version="1.0" encoding="UTF-8"?>
<!-- Generated by org.testng.reporters.JUnitReportReporter -->
<testsuite hostname="MacBook-Air-von-Sandeep.local" failures="0" tests="1" name="amazon_project1.Project1_Amazon.TestCase15_Cart_WithoutLogin" time="20.277" errors="0" timestamp="2025-01-30T17:02:21 CET" skipped="0">
  <testcase classname="amazon_project1.Project1_Amazon.TestCase15_Cart_WithoutLogin" name="Cart_WithoutLogin" time="20.277">
    <system-out>
      <![CDATA[Test start - Listener
Test is passed - Listener]]>
    </system-out>
  </testcase> <!-- Cart_WithoutLogin -->
  <system-out>
    <![CDATA[Test start - Listener
Test start - Listener
Test is failed - Listener
Test start - Listener
Test start - Listener
Test is passed - Listener
Test start - Listener
Test start - Listener
Test is passed - Listener
Test start - Listener
Test start - Listener
Test is failed - Listener
Test start - Listener
Test start - Listener
Test is failed - Listener
Test start - Listener
Test start - Listener
Test is passed - Listener
Test start - Listener
Test start - Listener
Test is failed - Listener
Test start - Listener
Test start - Listener
Test is failed - Listener
Test start - Listener
Test is passed - Listener
Test start - Listener
Test is passed - Listener
Test start - Listener
Test start - Listener
Test is failed - Listener
Test start - Listener
Test start - Listener
Test is failed - Listener
Test start - Listener
Test start - Listener
Test is failed - Listener
Test start - Listener
Test start - Listener
Test is failed - Listener
Test start - Listener
Test is passed - Listener]]>
  </system-out>
</testsuite> <!-- amazon_project1.Project1_Amazon.TestCase15_Cart_WithoutLogin -->
