<?xml version="1.0" encoding="UTF-8"?>
<!-- Generated by org.testng.reporters.JUnitReportReporter -->
<testsuite hostname="MacBook-Air-von-Sandeep.local" failures="0" tests="2" name="amazon_project1.Project1_Amazon.TestCase3_Login_IncorrectCredentials" time="52.224" errors="0" timestamp="2025-01-30T17:02:21 CET" skipped="1">
  <testcase classname="amazon_project1.Project1_Amazon.TestCase3_Login_IncorrectCredentials" name="Login_IncorrectCredentials" time="30.110">
    <skipped/>
    <system-out>
      <![CDATA[Test start - Listener]]>
    </system-out>
  </testcase> <!-- Login_IncorrectCredentials -->
  <testcase classname="amazon_project1.Project1_Amazon.TestCase3_Login_IncorrectCredentials" name="Login_IncorrectCredentials" time="22.114">
    <system-out>
      <![CDATA[Test start - Listener
Test is passed - Listener]]>
    </system-out>
  </testcase> <!-- Login_IncorrectCredentials -->
  <system-out>
    <![CDATA[Test start - Listener
Test start - Listener
Test is failed - Listener
Test start - Listener
Test start - Listener
Test is passed - Listener
Test start - Listener
Test start - Listener
Test is passed - Listener
Test start - Listener
Test start - Listener
Test is failed - Listener
Test start - Listener
Test start - Listener
Test is failed - Listener
Test start - Listener
Test start - Listener
Test is passed - Listener
Test start - Listener
Test start - Listener
Test is failed - Listener
Test start - Listener
Test start - Listener
Test is failed - Listener
Test start - Listener
Test is passed - Listener
Test start - Listener
Test is passed - Listener
Test start - Listener
Test start - Listener
Test is failed - Listener
Test start - Listener
Test start - Listener
Test is failed - Listener
Test start - Listener
Test start - Listener
Test is failed - Listener
Test start - Listener
Test start - Listener
Test is failed - Listener
Test start - Listener
Test is passed - Listener]]>
  </system-out>
</testsuite> <!-- amazon_project1.Project1_Amazon.TestCase3_Login_IncorrectCredentials -->
