<?xml version="1.0" encoding="UTF-8"?>
<!-- Generated by org.testng.reporters.JUnitReportReporter -->
<testsuite hostname="MacBook-Air-von-Sandeep.local" failures="0" tests="2" name="amazon_project1.Project1_Amazon.TestCase12_SelectEachPaymentmethod" time="72.480" errors="0" timestamp="2025-01-30T16:32:16 CET" skipped="1">
  <testcase classname="amazon_project1.Project1_Amazon.TestCase12_SelectEachPaymentmethod" name="SelectEachPaymentmethod" time="14.613">
    <skipped/>
  </testcase> <!-- SelectEachPaymentmethod -->
  <system-out>
    <![CDATA[Test start - Listener]]>
  </system-out>
  <testcase classname="amazon_project1.Project1_Amazon.TestCase12_SelectEachPaymentmethod" name="SelectEachPaymentmethod" time="57.867"/>
  <system-out>
    <![CDATA[Test start - Listener
Test is passed - Listener]]>
  </system-out>
</testsuite> <!-- amazon_project1.Project1_Amazon.TestCase12_SelectEachPaymentmethod -->
