<?xml version="1.0" encoding="UTF-8"?>
<!-- Generated by org.testng.reporters.JUnitReportReporter -->
<testsuite hostname="MacBook-Air-von-Sandeep.local" failures="0" tests="1" name="amazon_project1.Project1_Amazon.TestCase10_AddProductsToCart_Remove" time="57.161" errors="0" timestamp="2025-01-30T17:02:21 CET" skipped="0">
  <testcase classname="amazon_project1.Project1_Amazon.TestCase10_AddProductsToCart_Remove" name="AddProductsToCart_Remove" time="57.161">
    <system-out>
      <![CDATA[Test start - Listener
Test is passed - Listener]]>
    </system-out>
  </testcase> <!-- AddProductsToCart_Remove -->
  <system-out>
    <![CDATA[Test start - Listener
Test start - Listener
Test is failed - Listener
Test start - Listener
Test start - Listener
Test is passed - Listener
Test start - Listener
Test start - Listener
Test is passed - Listener
Test start - Listener
Test start - Listener
Test is failed - Listener
Test start - Listener
Test start - Listener
Test is failed - Listener
Test start - Listener
Test start - Listener
Test is passed - Listener
Test start - Listener
Test start - Listener
Test is failed - Listener
Test start - Listener
Test start - Listener
Test is failed - Listener
Test start - Listener
Test is passed - Listener
Test start - Listener
Test is passed - Listener
Test start - Listener
Test start - Listener
Test is failed - Listener
Test start - Listener
Test start - Listener
Test is failed - Listener
Test start - Listener
Test start - Listener
Test is failed - Listener
Test start - Listener
Test start - Listener
Test is failed - Listener
Test start - Listener
Test is passed - Listener]]>
  </system-out>
</testsuite> <!-- amazon_project1.Project1_Amazon.TestCase10_AddProductsToCart_Remove -->
