<?xml version="1.0" encoding="UTF-8"?>
<!-- Generated by org.testng.reporters.JUnitReportReporter -->
<testsuite hostname="MacBook-Air-von-Sandeep.local" failures="0" tests="2" name="amazon_project1.Project1_Amazon.TestCase6_SearchwithFilters" time="57.390" errors="0" timestamp="2025-01-30T17:02:21 CET" skipped="1">
  <testcase classname="amazon_project1.Project1_Amazon.TestCase6_SearchwithFilters" name="SearchwithFilters" time="23.119">
    <skipped/>
    <system-out>
      <![CDATA[Test start - Listener]]>
    </system-out>
  </testcase> <!-- SearchwithFilters -->
  <testcase classname="amazon_project1.Project1_Amazon.TestCase6_SearchwithFilters" name="SearchwithFilters" time="34.271">
    <system-out>
      <![CDATA[Test start - Listener
Test is passed - Listener]]>
    </system-out>
  </testcase> <!-- SearchwithFilters -->
  <system-out>
    <![CDATA[Test start - Listener
Test start - Listener
Test is failed - Listener
Test start - Listener
Test start - Listener
Test is passed - Listener
Test start - Listener
Test start - Listener
Test is passed - Listener
Test start - Listener
Test start - Listener
Test is failed - Listener
Test start - Listener
Test start - Listener
Test is failed - Listener
Test start - Listener
Test start - Listener
Test is passed - Listener
Test start - Listener
Test start - Listener
Test is failed - Listener
Test start - Listener
Test start - Listener
Test is failed - Listener
Test start - Listener
Test is passed - Listener
Test start - Listener
Test is passed - Listener
Test start - Listener
Test start - Listener
Test is failed - Listener
Test start - Listener
Test start - Listener
Test is failed - Listener
Test start - Listener
Test start - Listener
Test is failed - Listener
Test start - Listener
Test start - Listener
Test is failed - Listener
Test start - Listener
Test is passed - Listener]]>
  </system-out>
</testsuite> <!-- amazon_project1.Project1_Amazon.TestCase6_SearchwithFilters -->
