<?xml version="1.0" encoding="UTF-8"?>
<!-- Generated by org.testng.reporters.JUnitReportReporter -->
<testsuite hostname="MacBook-Air-von-Sandeep.local" failures="0" tests="2" name="amazon_project1.Project1_Amazon.TestCase2_Login_CorrectCredentials" time="45.154" errors="0" timestamp="2025-01-30T17:02:21 CET" skipped="1">
  <testcase classname="amazon_project1.Project1_Amazon.TestCase2_Login_CorrectCredentials" name="Login_CorrectCredentials" time="21.784">
    <system-out>
      <![CDATA[Test start - Listener
Test is passed - Listener]]>
    </system-out>
  </testcase> <!-- Login_CorrectCredentials -->
  <testcase classname="amazon_project1.Project1_Amazon.TestCase2_Login_CorrectCredentials" name="Login_CorrectCredentials" time="23.370">
    <skipped/>
    <system-out>
      <![CDATA[Test start - Listener]]>
    </system-out>
  </testcase> <!-- Login_CorrectCredentials -->
  <system-out>
    <![CDATA[Test start - Listener
Test start - Listener
Test is failed - Listener
Test start - Listener
Test start - Listener
Test is passed - Listener
Test start - Listener
Test start - Listener
Test is passed - Listener
Test start - Listener
Test start - Listener
Test is failed - Listener
Test start - Listener
Test start - Listener
Test is failed - Listener
Test start - Listener
Test start - Listener
Test is passed - Listener
Test start - Listener
Test start - Listener
Test is failed - Listener
Test start - Listener
Test start - Listener
Test is failed - Listener
Test start - Listener
Test is passed - Listener
Test start - Listener
Test is passed - Listener
Test start - Listener
Test start - Listener
Test is failed - Listener
Test start - Listener
Test start - Listener
Test is failed - Listener
Test start - Listener
Test start - Listener
Test is failed - Listener
Test start - Listener
Test start - Listener
Test is failed - Listener
Test start - Listener
Test is passed - Listener]]>
  </system-out>
</testsuite> <!-- amazon_project1.Project1_Amazon.TestCase2_Login_CorrectCredentials -->
