<?xml version="1.0" encoding="UTF-8"?>
<!-- Generated by org.testng.reporters.JUnitReportReporter -->
<testsuite hostname="MacBook-Air-von-Sandeep.local" failures="0" tests="2" name="amazon_project1.Project1_Amazon.TestCase4_Login_EditProfileInformation" time="72.224" errors="0" timestamp="2025-01-30T17:52:09 CET" skipped="1">
  <testcase classname="amazon_project1.Project1_Amazon.TestCase4_Login_EditProfileInformation" name="Login_EditProfileInformation" time="58.157"/>
  <system-out/>
  <testcase classname="amazon_project1.Project1_Amazon.TestCase4_Login_EditProfileInformation" name="Login_EditProfileInformation" time="14.067">
    <skipped/>
  </testcase> <!-- Login_EditProfileInformation -->
  <system-out/>
</testsuite> <!-- amazon_project1.Project1_Amazon.TestCase4_Login_EditProfileInformation -->
