<?xml version="1.0" encoding="UTF-8"?>
<!-- Generated by org.testng.reporters.JUnitReportReporter -->
<testsuite hostname="MacBook-Air-von-Sandeep.local" failures="0" tests="1" name="amazon_project1.Project1_Amazon.TestCase2_Login_CorrectCredentials" time="23.757" errors="0" timestamp="2025-01-30T17:34:27 CET" skipped="0">
  <testcase classname="amazon_project1.Project1_Amazon.TestCase2_Login_CorrectCredentials" name="Login_CorrectCredentials" time="23.757"/>
  <system-out>
    <![CDATA[Test start - Listener
Test is passed - Listener]]>
  </system-out>
</testsuite> <!-- amazon_project1.Project1_Amazon.TestCase2_Login_CorrectCredentials -->
