<?xml version="1.0" encoding="UTF-8"?>
<!-- Generated by org.testng.reporters.JUnitReportReporter -->
<testsuite hostname="MacBook-Air-von-Sandeep.local" failures="0" tests="1" name="amazon_project1.Project1_Amazon.TestCase7_ProductDetails" time="24.118" errors="0" timestamp="2025-01-30T10:03:48 CET" skipped="0">
  <testcase classname="amazon_project1.Project1_Amazon.TestCase7_ProductDetails" name="ProductDetails" time="24.118"/>
  <system-out/>
</testsuite> <!-- amazon_project1.Project1_Amazon.TestCase7_ProductDetails -->
