<?xml version="1.0" encoding="UTF-8"?>
<!-- Generated by org.testng.reporters.JUnitReportReporter -->
<testsuite hostname="MacBook-Air-von-Sandeep.local" failures="0" tests="2" name="amazon_project1.Project1_Amazon.TestCase13_ApplyCouponCodeWhileOrderingProduct" time="240.837" errors="0" timestamp="2025-01-30T00:53:19 CET" skipped="0">
  <testcase classname="amazon_project1.Project1_Amazon.TestCase13_ApplyCouponCodeWhileOrderingProduct" name="ApplyCouponCodeWhileOrderingProduct" time="200.844"/>
  <system-out>
    <![CDATA[Test start - Listener
Test is passed - Listener]]>
  </system-out>
  <testcase classname="amazon_project1.Project1_Amazon.TestCase13_ApplyCouponCodeWhileOrderingProduct" name="ApplyCouponCodeWhileOrderingProduct" time="39.993"/>
  <system-out>
    <![CDATA[Test start - Listener
Test is passed - Listener]]>
  </system-out>
</testsuite> <!-- amazon_project1.Project1_Amazon.TestCase13_ApplyCouponCodeWhileOrderingProduct -->
