<?xml version="1.0" encoding="UTF-8"?>
<!-- Generated by org.testng.reporters.JUnitReportReporter -->
<testsuite hostname="MacBook-Air-von-Sandeep.local" failures="0" tests="2" name="amazon_project1.Project1_Amazon.TestCase3_Login_IncorrectCredentials" time="35.583" errors="0" timestamp="2025-01-30T17:36:17 CET" skipped="1">
  <testcase classname="amazon_project1.Project1_Amazon.TestCase3_Login_IncorrectCredentials" name="Login_IncorrectCredentials" time="22.445"/>
  <system-out/>
  <testcase classname="amazon_project1.Project1_Amazon.TestCase3_Login_IncorrectCredentials" name="Login_IncorrectCredentials" time="13.138">
    <skipped/>
  </testcase> <!-- Login_IncorrectCredentials -->
  <system-out/>
</testsuite> <!-- amazon_project1.Project1_Amazon.TestCase3_Login_IncorrectCredentials -->
